{"/Users/rpay/Documents/project/abdiku-v1-mobile-app/services/api.ts": {"path":"/Users/rpay/Documents/project/abdiku-v1-mobile-app/services/api.ts","statementMap":{"0":{"start":{"line":1,"column":0},"end":{"line":1,"column":69}},"1":{"start":{"line":2,"column":0},"end":{"line":2,"column":26}},"2":{"start":{"line":4,"column":12},"end":{"line":10,"column":2}},"3":{"start":{"line":12,"column":0},"end":{"line":18,"column":3}},"4":{"start":{"line":13,"column":16},"end":{"line":13,"column":51}},"5":{"start":{"line":14,"column":2},"end":{"line":16,"column":3}},"6":{"start":{"line":15,"column":4},"end":{"line":15,"column":53}},"7":{"start":{"line":17,"column":2},"end":{"line":17,"column":16}},"8":{"start":{"line":20,"column":0},"end":{"line":30,"column":2}},"9":{"start":{"line":21,"column":16},"end":{"line":21,"column":24}},"10":{"start":{"line":23,"column":4},"end":{"line":27,"column":5}},"11":{"start":{"line":24,"column":6},"end":{"line":24,"column":45}},"12":{"start":{"line":28,"column":4},"end":{"line":28,"column":33}},"13":{"start":{"line":32,"column":0},"end":{"line":32,"column":19}}},"fnMap":{"0":{"name":"(anonymous_1)","decl":{"start":{"line":12,"column":29},"end":{"line":12,"column":34}},"loc":{"start":{"line":12,"column":46},"end":{"line":18,"column":1}}},"1":{"name":"(anonymous_2)","decl":{"start":{"line":21,"column":2},"end":{"line":21,"column":3}},"loc":{"start":{"line":21,"column":16},"end":{"line":21,"column":24}}},"2":{"name":"(anonymous_3)","decl":{"start":{"line":22,"column":2},"end":{"line":22,"column":7}},"loc":{"start":{"line":22,"column":18},"end":{"line":29,"column":3}}}},"branchMap":{"0":{"loc":{"start":{"line":14,"column":2},"end":{"line":16,"column":3}},"type":"if","locations":[{"start":{"line":14,"column":2},"end":{"line":16,"column":3}},{"start":{},"end":{}}]},"1":{"loc":{"start":{"line":23,"column":4},"end":{"line":27,"column":5}},"type":"if","locations":[{"start":{"line":23,"column":4},"end":{"line":27,"column":5}},{"start":{},"end":{}}]},"2":{"loc":{"start":{"line":23,"column":8},"end":{"line":23,"column":72}},"type":"binary-expr","locations":[{"start":{"line":23,"column":8},"end":{"line":23,"column":38}},{"start":{"line":23,"column":42},"end":{"line":23,"column":72}}]}},"s":{"0":1,"1":1,"2":1,"3":1,"4":0,"5":0,"6":0,"7":0,"8":1,"9":0,"10":0,"11":0,"12":0,"13":1},"f":{"0":0,"1":0,"2":0},"b":{"0":[0,0],"1":[0,0],"2":[0,0]}}
,"/Users/rpay/Documents/project/abdiku-v1-mobile-app/services/attendanceService.ts": {"path":"/Users/rpay/Documents/project/abdiku-v1-mobile-app/services/attendanceService.ts","statementMap":{"0":{"start":{"line":1,"column":0},"end":{"line":1,"column":24}},"1":{"start":{"line":30,"column":35},"end":{"line":33,"column":1}},"2":{"start":{"line":31,"column":14},"end":{"line":31,"column":49}},"3":{"start":{"line":32,"column":2},"end":{"line":32,"column":23}},"4":{"start":{"line":30,"column":13},"end":{"line":30,"column":35}},"5":{"start":{"line":38,"column":36},"end":{"line":43,"column":1}},"6":{"start":{"line":41,"column":14},"end":{"line":41,"column":62}},"7":{"start":{"line":42,"column":2},"end":{"line":42,"column":23}},"8":{"start":{"line":38,"column":13},"end":{"line":38,"column":36}},"9":{"start":{"line":48,"column":23},"end":{"line":50,"column":1}},"10":{"start":{"line":49,"column":2},"end":{"line":49,"column":50}},"11":{"start":{"line":48,"column":13},"end":{"line":48,"column":23}},"12":{"start":{"line":55,"column":24},"end":{"line":57,"column":1}},"13":{"start":{"line":56,"column":2},"end":{"line":56,"column":51}},"14":{"start":{"line":55,"column":13},"end":{"line":55,"column":24}},"15":{"start":{"line":62,"column":28},"end":{"line":65,"column":1}},"16":{"start":{"line":63,"column":14},"end":{"line":63,"column":49}},"17":{"start":{"line":64,"column":2},"end":{"line":64,"column":23}},"18":{"start":{"line":62,"column":13},"end":{"line":62,"column":28}},"19":{"start":{"line":70,"column":33},"end":{"line":90,"column":1}},"20":{"start":{"line":74,"column":2},"end":{"line":89,"column":4}},"21":{"start":{"line":70,"column":13},"end":{"line":70,"column":33}}},"fnMap":{"0":{"name":"(anonymous_1)","decl":{"start":{"line":30,"column":35},"end":{"line":30,"column":40}},"loc":{"start":{"line":30,"column":73},"end":{"line":33,"column":1}}},"1":{"name":"(anonymous_2)","decl":{"start":{"line":38,"column":36},"end":{"line":38,"column":41}},"loc":{"start":{"line":40,"column":27},"end":{"line":43,"column":1}}},"2":{"name":"(anonymous_3)","decl":{"start":{"line":48,"column":23},"end":{"line":48,"column":28}},"loc":{"start":{"line":48,"column":70},"end":{"line":50,"column":1}}},"3":{"name":"(anonymous_4)","decl":{"start":{"line":55,"column":24},"end":{"line":55,"column":29}},"loc":{"start":{"line":55,"column":71},"end":{"line":57,"column":1}}},"4":{"name":"(anonymous_5)","decl":{"start":{"line":62,"column":28},"end":{"line":62,"column":33}},"loc":{"start":{"line":62,"column":67},"end":{"line":65,"column":1}}},"5":{"name":"(anonymous_6)","decl":{"start":{"line":70,"column":33},"end":{"line":70,"column":null}},"loc":{"start":{"line":73,"column":18},"end":{"line":90,"column":1}}}},"branchMap":{"0":{"loc":{"start":{"line":39,"column":2},"end":{"line":39,"column":51}},"type":"default-arg","locations":[{"start":{"line":39,"column":36},"end":{"line":39,"column":51}}]}},"s":{"0":1,"1":1,"2":2,"3":1,"4":1,"5":1,"6":4,"7":3,"8":1,"9":1,"10":2,"11":1,"12":1,"13":2,"14":1,"15":1,"16":3,"17":2,"18":1,"19":1,"20":5,"21":1},"f":{"0":2,"1":4,"2":2,"3":2,"4":3,"5":5},"b":{"0":[3]}}
,"/Users/rpay/Documents/project/abdiku-v1-mobile-app/utils/date.ts": {"path":"/Users/rpay/Documents/project/abdiku-v1-mobile-app/utils/date.ts","statementMap":{"0":{"start":{"line":8,"column":22},"end":{"line":10,"column":1}},"1":{"start":{"line":9,"column":2},"end":{"line":9,"column":45}},"2":{"start":{"line":15,"column":26},"end":{"line":59,"column":1}},"3":{"start":{"line":16,"column":21},"end":{"line":16,"column":42}},"4":{"start":{"line":18,"column":2},"end":{"line":58,"column":3}},"5":{"start":{"line":20,"column":6},"end":{"line":24,"column":9}},"6":{"start":{"line":26,"column":6},"end":{"line":31,"column":9}},"7":{"start":{"line":33,"column":6},"end":{"line":36,"column":9}},"8":{"start":{"line":38,"column":6},"end":{"line":42,"column":9}},"9":{"start":{"line":44,"column":6},"end":{"line":49,"column":9}},"10":{"start":{"line":51,"column":6},"end":{"line":55,"column":9}},"11":{"start":{"line":57,"column":6},"end":{"line":57,"column":33}},"12":{"start":{"line":15,"column":13},"end":{"line":15,"column":26}},"13":{"start":{"line":64,"column":26},"end":{"line":69,"column":1}},"14":{"start":{"line":65,"column":2},"end":{"line":68,"column":5}},"15":{"start":{"line":64,"column":13},"end":{"line":64,"column":26}},"16":{"start":{"line":74,"column":31},"end":{"line":76,"column":1}},"17":{"start":{"line":75,"column":2},"end":{"line":75,"column":43}},"18":{"start":{"line":74,"column":13},"end":{"line":74,"column":31}},"19":{"start":{"line":81,"column":32},"end":{"line":84,"column":1}},"20":{"start":{"line":82,"column":15},"end":{"line":82,"column":32}},"21":{"start":{"line":83,"column":2},"end":{"line":83,"column":43}},"22":{"start":{"line":81,"column":13},"end":{"line":81,"column":32}},"23":{"start":{"line":89,"column":32},"end":{"line":92,"column":1}},"24":{"start":{"line":90,"column":2},"end":{"line":90,"column":27}},"25":{"start":{"line":90,"column":16},"end":{"line":90,"column":27}},"26":{"start":{"line":91,"column":2},"end":{"line":91,"column":33}},"27":{"start":{"line":89,"column":13},"end":{"line":89,"column":32}}},"fnMap":{"0":{"name":"(anonymous_0)","decl":{"start":{"line":8,"column":22},"end":{"line":8,"column":23}},"loc":{"start":{"line":8,"column":51},"end":{"line":10,"column":1}}},"1":{"name":"(anonymous_1)","decl":{"start":{"line":15,"column":26},"end":{"line":15,"column":27}},"loc":{"start":{"line":15,"column":89},"end":{"line":59,"column":1}}},"2":{"name":"(anonymous_2)","decl":{"start":{"line":64,"column":26},"end":{"line":64,"column":27}},"loc":{"start":{"line":64,"column":67},"end":{"line":69,"column":1}}},"3":{"name":"(anonymous_3)","decl":{"start":{"line":74,"column":31},"end":{"line":74,"column":32}},"loc":{"start":{"line":74,"column":57},"end":{"line":76,"column":1}}},"4":{"name":"(anonymous_4)","decl":{"start":{"line":81,"column":32},"end":{"line":81,"column":33}},"loc":{"start":{"line":81,"column":100},"end":{"line":84,"column":1}}},"5":{"name":"(anonymous_5)","decl":{"start":{"line":89,"column":32},"end":{"line":89,"column":33}},"loc":{"start":{"line":89,"column":67},"end":{"line":92,"column":1}}}},"branchMap":{"0":{"loc":{"start":{"line":9,"column":9},"end":{"line":9,"column":44}},"type":"cond-expr","locations":[{"start":{"line":9,"column":27},"end":{"line":9,"column":34}},{"start":{"line":9,"column":37},"end":{"line":9,"column":44}}]},"1":{"loc":{"start":{"line":18,"column":2},"end":{"line":58,"column":3}},"type":"switch","locations":[{"start":{"line":19,"column":4},"end":{"line":24,"column":9}},{"start":{"line":25,"column":4},"end":{"line":31,"column":9}},{"start":{"line":32,"column":4},"end":{"line":36,"column":9}},{"start":{"line":37,"column":4},"end":{"line":42,"column":9}},{"start":{"line":43,"column":4},"end":{"line":49,"column":9}},{"start":{"line":50,"column":4},"end":{"line":55,"column":9}},{"start":{"line":56,"column":4},"end":{"line":57,"column":33}}]},"2":{"loc":{"start":{"line":90,"column":2},"end":{"line":90,"column":27}},"type":"if","locations":[{"start":{"line":90,"column":2},"end":{"line":90,"column":27}},{"start":{},"end":{}}]}},"s":{"0":1,"1":9,"2":1,"3":8,"4":8,"5":1,"6":2,"7":1,"8":1,"9":1,"10":2,"11":0,"12":1,"13":1,"14":1,"15":1,"16":1,"17":2,"18":1,"19":1,"20":1,"21":1,"22":1,"23":1,"24":3,"25":2,"26":1,"27":1},"f":{"0":9,"1":8,"2":1,"3":2,"4":1,"5":3},"b":{"0":[1,8],"1":[1,2,1,1,1,2,0],"2":[2,1]}}
,"/Users/rpay/Documents/project/abdiku-v1-mobile-app/utils/geo.ts": {"path":"/Users/rpay/Documents/project/abdiku-v1-mobile-app/utils/geo.ts","statementMap":{"0":{"start":{"line":5,"column":33},"end":{"line":24,"column":1}},"1":{"start":{"line":11,"column":12},"end":{"line":11,"column":18}},"2":{"start":{"line":12,"column":15},"end":{"line":12,"column":37}},"3":{"start":{"line":13,"column":15},"end":{"line":13,"column":37}},"4":{"start":{"line":14,"column":19},"end":{"line":14,"column":50}},"5":{"start":{"line":15,"column":22},"end":{"line":15,"column":53}},"6":{"start":{"line":18,"column":4},"end":{"line":19,"column":91}},"7":{"start":{"line":21,"column":12},"end":{"line":21,"column":58}},"8":{"start":{"line":23,"column":2},"end":{"line":23,"column":15}},"9":{"start":{"line":5,"column":13},"end":{"line":5,"column":33}},"10":{"start":{"line":29,"column":32},"end":{"line":38,"column":1}},"11":{"start":{"line":36,"column":19},"end":{"line":36,"column":66}},"12":{"start":{"line":37,"column":2},"end":{"line":37,"column":34}},"13":{"start":{"line":29,"column":13},"end":{"line":29,"column":32}},"14":{"start":{"line":50,"column":35},"end":{"line":69,"column":1}},"15":{"start":{"line":55,"column":2},"end":{"line":55,"column":42}},"16":{"start":{"line":55,"column":30},"end":{"line":55,"column":42}},"17":{"start":{"line":57,"column":19},"end":{"line":57,"column":31}},"18":{"start":{"line":58,"column":20},"end":{"line":58,"column":84}},"19":{"start":{"line":60,"column":2},"end":{"line":66,"column":3}},"20":{"start":{"line":60,"column":15},"end":{"line":60,"column":16}},"21":{"start":{"line":61,"column":21},"end":{"line":61,"column":95}},"22":{"start":{"line":62,"column":4},"end":{"line":65,"column":5}},"23":{"start":{"line":63,"column":6},"end":{"line":63,"column":29}},"24":{"start":{"line":64,"column":6},"end":{"line":64,"column":29}},"25":{"start":{"line":68,"column":2},"end":{"line":68,"column":54}},"26":{"start":{"line":50,"column":13},"end":{"line":50,"column":35}}},"fnMap":{"0":{"name":"(anonymous_0)","decl":{"start":{"line":5,"column":33},"end":{"line":5,"column":null}},"loc":{"start":{"line":10,"column":12},"end":{"line":24,"column":1}}},"1":{"name":"(anonymous_1)","decl":{"start":{"line":29,"column":32},"end":{"line":29,"column":null}},"loc":{"start":{"line":35,"column":13},"end":{"line":38,"column":1}}},"2":{"name":"(anonymous_2)","decl":{"start":{"line":50,"column":35},"end":{"line":50,"column":null}},"loc":{"start":{"line":54,"column":46},"end":{"line":69,"column":1}}}},"branchMap":{"0":{"loc":{"start":{"line":55,"column":2},"end":{"line":55,"column":42}},"type":"if","locations":[{"start":{"line":55,"column":2},"end":{"line":55,"column":42}},{"start":{},"end":{}}]},"1":{"loc":{"start":{"line":62,"column":4},"end":{"line":65,"column":5}},"type":"if","locations":[{"start":{"line":62,"column":4},"end":{"line":65,"column":5}},{"start":{},"end":{}}]}},"s":{"0":1,"1":16,"2":16,"3":16,"4":16,"5":16,"6":16,"7":16,"8":16,"9":1,"10":1,"11":3,"12":3,"13":1,"14":1,"15":4,"16":1,"17":3,"18":3,"19":3,"20":3,"21":6,"22":6,"23":1,"24":1,"25":3,"26":1},"f":{"0":16,"1":3,"2":4},"b":{"0":[1,3],"1":[1,5]}}
,"/Users/rpay/Documents/project/abdiku-v1-mobile-app/utils/status.ts": {"path":"/Users/rpay/Documents/project/abdiku-v1-mobile-app/utils/status.ts","statementMap":{"0":{"start":{"line":1,"column":0},"end":{"line":1,"column":42}},"1":{"start":{"line":8,"column":36},"end":{"line":22,"column":1}},"2":{"start":{"line":9,"column":27},"end":{"line":9,"column":47}},"3":{"start":{"line":10,"column":2},"end":{"line":21,"column":3}},"4":{"start":{"line":12,"column":6},"end":{"line":12,"column":31}},"5":{"start":{"line":14,"column":6},"end":{"line":14,"column":31}},"6":{"start":{"line":16,"column":6},"end":{"line":16,"column":30}},"7":{"start":{"line":18,"column":6},"end":{"line":18,"column":29}},"8":{"start":{"line":20,"column":6},"end":{"line":20,"column":20}},"9":{"start":{"line":8,"column":13},"end":{"line":8,"column":36}},"10":{"start":{"line":27,"column":30},"end":{"line":38,"column":1}},"11":{"start":{"line":28,"column":2},"end":{"line":37,"column":3}},"12":{"start":{"line":30,"column":6},"end":{"line":30,"column":27}},"13":{"start":{"line":32,"column":6},"end":{"line":32,"column":26}},"14":{"start":{"line":34,"column":6},"end":{"line":34,"column":23}},"15":{"start":{"line":36,"column":6},"end":{"line":36,"column":25}},"16":{"start":{"line":27,"column":13},"end":{"line":27,"column":30}},"17":{"start":{"line":43,"column":36},"end":{"line":54,"column":1}},"18":{"start":{"line":44,"column":2},"end":{"line":53,"column":3}},"19":{"start":{"line":46,"column":6},"end":{"line":46,"column":31}},"20":{"start":{"line":48,"column":6},"end":{"line":48,"column":31}},"21":{"start":{"line":50,"column":6},"end":{"line":50,"column":30}},"22":{"start":{"line":52,"column":6},"end":{"line":52,"column":20}},"23":{"start":{"line":43,"column":13},"end":{"line":43,"column":36}},"24":{"start":{"line":59,"column":34},"end":{"line":70,"column":1}},"25":{"start":{"line":60,"column":2},"end":{"line":69,"column":3}},"26":{"start":{"line":62,"column":6},"end":{"line":62,"column":36}},"27":{"start":{"line":64,"column":6},"end":{"line":64,"column":42}},"28":{"start":{"line":66,"column":6},"end":{"line":66,"column":39}},"29":{"start":{"line":68,"column":6},"end":{"line":68,"column":18}},"30":{"start":{"line":59,"column":13},"end":{"line":59,"column":34}}},"fnMap":{"0":{"name":"(anonymous_0)","decl":{"start":{"line":8,"column":36},"end":{"line":8,"column":37}},"loc":{"start":{"line":8,"column":83},"end":{"line":22,"column":1}}},"1":{"name":"(anonymous_1)","decl":{"start":{"line":27,"column":30},"end":{"line":27,"column":31}},"loc":{"start":{"line":27,"column":73},"end":{"line":38,"column":1}}},"2":{"name":"(anonymous_2)","decl":{"start":{"line":43,"column":36},"end":{"line":43,"column":37}},"loc":{"start":{"line":43,"column":90},"end":{"line":54,"column":1}}},"3":{"name":"(anonymous_3)","decl":{"start":{"line":59,"column":34},"end":{"line":59,"column":35}},"loc":{"start":{"line":59,"column":84},"end":{"line":70,"column":1}}}},"branchMap":{"0":{"loc":{"start":{"line":10,"column":2},"end":{"line":21,"column":3}},"type":"switch","locations":[{"start":{"line":11,"column":4},"end":{"line":12,"column":31}},{"start":{"line":13,"column":4},"end":{"line":14,"column":31}},{"start":{"line":15,"column":4},"end":{"line":16,"column":30}},{"start":{"line":17,"column":4},"end":{"line":18,"column":29}},{"start":{"line":19,"column":4},"end":{"line":20,"column":20}}]},"1":{"loc":{"start":{"line":28,"column":2},"end":{"line":37,"column":3}},"type":"switch","locations":[{"start":{"line":29,"column":4},"end":{"line":30,"column":27}},{"start":{"line":31,"column":4},"end":{"line":32,"column":26}},{"start":{"line":33,"column":4},"end":{"line":34,"column":23}},{"start":{"line":35,"column":4},"end":{"line":36,"column":25}}]},"2":{"loc":{"start":{"line":44,"column":2},"end":{"line":53,"column":3}},"type":"switch","locations":[{"start":{"line":45,"column":4},"end":{"line":46,"column":31}},{"start":{"line":47,"column":4},"end":{"line":48,"column":31}},{"start":{"line":49,"column":4},"end":{"line":50,"column":30}},{"start":{"line":51,"column":4},"end":{"line":52,"column":20}}]},"3":{"loc":{"start":{"line":60,"column":2},"end":{"line":69,"column":3}},"type":"switch","locations":[{"start":{"line":61,"column":4},"end":{"line":62,"column":36}},{"start":{"line":63,"column":4},"end":{"line":64,"column":42}},{"start":{"line":65,"column":4},"end":{"line":66,"column":39}},{"start":{"line":67,"column":4},"end":{"line":68,"column":18}}]}},"s":{"0":1,"1":1,"2":6,"3":6,"4":2,"5":1,"6":1,"7":1,"8":1,"9":1,"10":1,"11":5,"12":2,"13":1,"14":1,"15":1,"16":1,"17":1,"18":3,"19":1,"20":1,"21":1,"22":0,"23":1,"24":1,"25":3,"26":1,"27":1,"28":1,"29":0,"30":1},"f":{"0":6,"1":5,"2":3,"3":3},"b":{"0":[2,1,1,1,1],"1":[2,1,1,1],"2":[1,1,1,0],"3":[1,1,1,0]}}
}
