TN:
SF:services/api.ts
FN:12,(anonymous_1)
FN:21,(anonymous_2)
FN:22,(anonymous_3)
FNF:3
FNH:0
FNDA:0,(anonymous_1)
FNDA:0,(anonymous_2)
FNDA:0,(anonymous_3)
DA:1,1
DA:2,1
DA:4,1
DA:12,1
DA:13,0
DA:14,0
DA:15,0
DA:17,0
DA:20,1
DA:21,0
DA:23,0
DA:24,0
DA:28,0
DA:32,1
LF:14
LH:6
BRDA:14,0,0,0
BRDA:14,0,1,0
BRDA:23,1,0,0
BRDA:23,1,1,0
BRDA:23,2,0,0
BRDA:23,2,1,0
BRF:6
BRH:0
end_of_record
TN:
SF:services/attendanceService.ts
FN:30,(anonymous_1)
FN:38,(anonymous_2)
FN:48,(anonymous_3)
FN:55,(anonymous_4)
FN:62,(anonymous_5)
FN:70,(anonymous_6)
FNF:6
FNH:6
FNDA:2,(anonymous_1)
FNDA:4,(anonymous_2)
FNDA:2,(anonymous_3)
FNDA:2,(anonymous_4)
FNDA:3,(anonymous_5)
FNDA:5,(anonymous_6)
DA:1,1
DA:30,1
DA:31,2
DA:32,1
DA:38,1
DA:41,4
DA:42,3
DA:48,1
DA:49,2
DA:55,1
DA:56,2
DA:62,1
DA:63,3
DA:64,2
DA:70,1
DA:74,5
LF:16
LH:16
BRDA:39,0,0,3
BRF:1
BRH:1
end_of_record
TN:
SF:utils/date.ts
FN:8,(anonymous_0)
FN:15,(anonymous_1)
FN:64,(anonymous_2)
FN:74,(anonymous_3)
FN:81,(anonymous_4)
FN:89,(anonymous_5)
FNF:6
FNH:6
FNDA:9,(anonymous_0)
FNDA:8,(anonymous_1)
FNDA:1,(anonymous_2)
FNDA:2,(anonymous_3)
FNDA:1,(anonymous_4)
FNDA:3,(anonymous_5)
DA:8,1
DA:9,9
DA:15,1
DA:16,8
DA:18,8
DA:20,1
DA:26,2
DA:33,1
DA:38,1
DA:44,1
DA:51,2
DA:57,0
DA:64,1
DA:65,1
DA:74,1
DA:75,2
DA:81,1
DA:82,1
DA:83,1
DA:89,1
DA:90,3
DA:91,1
LF:22
LH:21
BRDA:9,0,0,1
BRDA:9,0,1,8
BRDA:18,1,0,1
BRDA:18,1,1,2
BRDA:18,1,2,1
BRDA:18,1,3,1
BRDA:18,1,4,1
BRDA:18,1,5,2
BRDA:18,1,6,0
BRDA:90,2,0,2
BRDA:90,2,1,1
BRF:11
BRH:10
end_of_record
TN:
SF:utils/geo.ts
FN:5,(anonymous_0)
FN:29,(anonymous_1)
FN:50,(anonymous_2)
FNF:3
FNH:3
FNDA:16,(anonymous_0)
FNDA:3,(anonymous_1)
FNDA:4,(anonymous_2)
DA:5,1
DA:11,16
DA:12,16
DA:13,16
DA:14,16
DA:15,16
DA:18,16
DA:21,16
DA:23,16
DA:29,1
DA:36,3
DA:37,3
DA:50,1
DA:55,4
DA:57,3
DA:58,3
DA:60,3
DA:61,6
DA:62,6
DA:63,1
DA:64,1
DA:68,3
LF:22
LH:22
BRDA:55,0,0,1
BRDA:55,0,1,3
BRDA:62,1,0,1
BRDA:62,1,1,5
BRF:4
BRH:4
end_of_record
TN:
SF:utils/status.ts
FN:8,(anonymous_0)
FN:27,(anonymous_1)
FN:43,(anonymous_2)
FN:59,(anonymous_3)
FNF:4
FNH:4
FNDA:6,(anonymous_0)
FNDA:5,(anonymous_1)
FNDA:3,(anonymous_2)
FNDA:3,(anonymous_3)
DA:1,1
DA:8,1
DA:9,6
DA:10,6
DA:12,2
DA:14,1
DA:16,1
DA:18,1
DA:20,1
DA:27,1
DA:28,5
DA:30,2
DA:32,1
DA:34,1
DA:36,1
DA:43,1
DA:44,3
DA:46,1
DA:48,1
DA:50,1
DA:52,0
DA:59,1
DA:60,3
DA:62,1
DA:64,1
DA:66,1
DA:68,0
LF:27
LH:25
BRDA:10,0,0,2
BRDA:10,0,1,1
BRDA:10,0,2,1
BRDA:10,0,3,1
BRDA:10,0,4,1
BRDA:28,1,0,2
BRDA:28,1,1,1
BRDA:28,1,2,1
BRDA:28,1,3,1
BRDA:44,2,0,1
BRDA:44,2,1,1
BRDA:44,2,2,1
BRDA:44,2,3,0
BRDA:60,3,0,1
BRDA:60,3,1,1
BRDA:60,3,2,1
BRDA:60,3,3,0
BRF:17
BRH:15
end_of_record
